[DEBUG] 22:59:41:321 MiServidor/(30693:30693): Inicializando MiServidor
[DEBUG] 22:59:41:321 MiServidor/(30693:30693): Comenzando la lectura de argumentos
[TRACE] 22:59:41:321 MiServidor/(30693:30693): La cantidad de argumentos recibida es la esperada: 1
[TRACE] 22:59:41:321 MiServidor/(30693:30693): Se leyo el argumento ruta archivo de configuracion con valor Configuracion/servidor.config
[DEBUG] 22:59:41:321 MiServidor/(30693:30693): Exito en la lectura de argumentos
[DEBUG] 22:59:41:321 MiServidor/(30693:30693): Comenzando la lectura de archivo de configuracion
[TRACE] 22:59:41:321 MiServidor/(30693:30693): Se leyo desde archivo de configuracion la clave IP_SERVIDOR con valor 127.0.0.1 
[TRACE] 22:59:41:321 MiServidor/(30693:30693): Se leyo desde archivo de configuracion la clave PUERTO_ESCUCHA_A_CLIENTE con valor 4444 
[DEBUG] 22:59:41:321 MiServidor/(30693:30693): Exito en la lectura de archivo de configuracion
[TRACE] 22:59:41:333 MiServidor/(30693:30693): MiServidor esta a la espera de conexiones de MiCliente.
[INFO] 23:01:05:421 MiServidor/(30693:30693): Se realizo una conexion entre el cliente MiCliente y el servidor MiServidor.
[INFO] 23:01:05:421 MiServidor/(30693:30693): Se conecto cliente!.
[TRACE] 23:01:05:421 MiServidor/(30693:30693): MiServidor esta esperando un codigo de operacion proveniente de MiCliente.
[TRACE] 23:01:05:430 MiServidor/(30693:30693): MiServidor recibio un codigo de operacion proveniente de MiCliente y es 0.
[TRACE] 23:01:05:430 MiServidor/(30693:30693): MiServidor este esperando un paquete de operacion 0 proveniente de MiCliente.
[TRACE] 23:01:05:430 MiServidor/(30693:30693): MiServidor recibio un paquete de operacion 0 proveniente de MiCliente y creo un buffer de 12 bytes para su posterior lectura.
[TRACE] 23:01:05:430 MiServidor/(30693:30693): MiServidor intentara leer un entero del paquete ya recibido de operacion 0 proveniente de MiCliente.
[TRACE] 23:01:05:430 MiServidor/(30693:30693): MiServidor leyo un entero del paquete ya recibido de operacion 0 proveniente de MiCliente y es 1.
[TRACE] 23:01:05:430 MiServidor/(30693:30693): MiServidor intentara leer un entero del paquete ya recibido de operacion 0 proveniente de MiCliente.
[TRACE] 23:01:05:430 MiServidor/(30693:30693): MiServidor leyo un entero del paquete ya recibido de operacion 0 proveniente de MiCliente y es 2.
[TRACE] 23:01:05:430 MiServidor/(30693:30693): MiServidor intentara leer un entero del paquete ya recibido de operacion 0 proveniente de MiCliente.
[TRACE] 23:01:05:430 MiServidor/(30693:30693): MiServidor leyo un entero del paquete ya recibido de operacion 0 proveniente de MiCliente y es 3.
[INFO] 23:01:05:430 MiServidor/(30693:30693): Tengo mi entero1: 1
[INFO] 23:01:05:430 MiServidor/(30693:30693): Tengo mi entero2: 2
[INFO] 23:01:05:430 MiServidor/(30693:30693): Tengo mi entero3: 3
[INFO] 23:01:05:430 MiServidor/(30693:30693): QUACK!
[INFO] 23:01:05:430 MiServidor/(30693:30693): Enviando señal de que termine de hacer quack a MiCliente
[TRACE] 23:01:05:430 MiServidor/(30693:30693): Comenzando el envio de operacion 1 (sin paquete) desde MiCliente a MiServidor.
[TRACE] 23:01:05:430 MiServidor/(30693:30693): Operacion 1 (sin paquete) enviado con exito desde MiCliente a MiServidor.
[INFO] 23:01:05:430 MiServidor/(30693:30693): Exito en el envio de señal de que termine de hacer quack a MiCliente
[DEBUG] 23:01:05:430 MiServidor/(30693:30693): Finalizando Servidor
